Unknown:
C:\Users\corsa\Desktop\cst studio save\antenna patch wifi 2.4ghz\antenna patch wifi 2.4ghz\Result\bdensx.adt
C:\Users\corsa\Desktop\cst studio save\antenna patch wifi 2.4ghz\antenna patch wifi 2.4ghz\Result\bdensy.adt
C:\Users\corsa\Desktop\cst studio save\antenna patch wifi 2.4ghz\antenna patch wifi 2.4ghz\Result\bdensz.adt
C:\Users\corsa\Desktop\cst studio save\antenna patch wifi 2.4ghz\antenna patch wifi 2.4ghz\Result\edensx.adt
C:\Users\corsa\Desktop\cst studio save\antenna patch wifi 2.4ghz\antenna patch wifi 2.4ghz\Result\edensy.adt
C:\Users\corsa\Desktop\cst studio save\antenna patch wifi 2.4ghz\antenna patch wifi 2.4ghz\Result\edensz.adt
C:\Users\corsa\Desktop\cst studio save\antenna patch wifi 2.4ghz\antenna patch wifi 2.4ghz\Result\farfield (f=0.2)_1.fme
C:\Users\corsa\Desktop\cst studio save\antenna patch wifi 2.4ghz\antenna patch wifi 2.4ghz\Result\farfield (f=2.6)_1.fme
C:\Users\corsa\Desktop\cst studio save\antenna patch wifi 2.4ghz\antenna patch wifi 2.4ghz\Result\farfield (f=5)_1.fme
C:\Users\corsa\Desktop\cst studio save\antenna patch wifi 2.4ghz\antenna patch wifi 2.4ghz\Result\hardware_resources.sconf
C:\Users\corsa\Desktop\cst studio save\antenna patch wifi 2.4ghz\antenna patch wifi 2.4ghz\Result\Hex.gap
C:\Users\corsa\Desktop\cst studio save\antenna patch wifi 2.4ghz\antenna patch wifi 2.4ghz\Result\MCalc.ddi
C:\Users\corsa\Desktop\cst studio save\antenna patch wifi 2.4ghz\antenna patch wifi 2.4ghz\Result\MCalc.log
C:\Users\corsa\Desktop\cst studio save\antenna patch wifi 2.4ghz\antenna patch wifi 2.4ghz\Result\ml_info.log
C:\Users\corsa\Desktop\cst studio save\antenna patch wifi 2.4ghz\antenna patch wifi 2.4ghz\Result\Model.amr
C:\Users\corsa\Desktop\cst studio save\antenna patch wifi 2.4ghz\antenna patch wifi 2.4ghz\Result\Model.axg
C:\Users\corsa\Desktop\cst studio save\antenna patch wifi 2.4ghz\antenna patch wifi 2.4ghz\Result\Model.coco
C:\Users\corsa\Desktop\cst studio save\antenna patch wifi 2.4ghz\antenna patch wifi 2.4ghz\Result\Model.ddi
C:\Users\corsa\Desktop\cst studio save\antenna patch wifi 2.4ghz\antenna patch wifi 2.4ghz\Result\Model.elg
C:\Users\corsa\Desktop\cst studio save\antenna patch wifi 2.4ghz\antenna patch wifi 2.4ghz\Result\Model.log
C:\Users\corsa\Desktop\cst studio save\antenna patch wifi 2.4ghz\antenna patch wifi 2.4ghz\Result\Model.mlg
C:\Users\corsa\Desktop\cst studio save\antenna patch wifi 2.4ghz\antenna patch wifi 2.4ghz\Result\Model.sam
C:\Users\corsa\Desktop\cst studio save\antenna patch wifi 2.4ghz\antenna patch wifi 2.4ghz\Result\ModelPBA.axg
C:\Users\corsa\Desktop\cst studio save\antenna patch wifi 2.4ghz\antenna patch wifi 2.4ghz\Result\Model_1.sam
C:\Users\corsa\Desktop\cst studio save\antenna patch wifi 2.4ghz\antenna patch wifi 2.4ghz\Result\m^fqq.dsc
C:\Users\corsa\Desktop\cst studio save\antenna patch wifi 2.4ghz\antenna patch wifi 2.4ghz\Result\Ports.web
C:\Users\corsa\Desktop\cst studio save\antenna patch wifi 2.4ghz\antenna patch wifi 2.4ghz\Result\p^a.dsc
C:\Users\corsa\Desktop\cst studio save\antenna patch wifi 2.4ghz\antenna patch wifi 2.4ghz\Result\P^m^fb.slog
C:\Users\corsa\Desktop\cst studio save\antenna patch wifi 2.4ghz\antenna patch wifi 2.4ghz\Result\P^m^fbqq.slog
C:\Users\corsa\Desktop\cst studio save\antenna patch wifi 2.4ghz\antenna patch wifi 2.4ghz\Result\P^m^fqq.slog
C:\Users\corsa\Desktop\cst studio save\antenna patch wifi 2.4ghz\antenna patch wifi 2.4ghz\Result\P^p^m.slog
C:\Users\corsa\Desktop\cst studio save\antenna patch wifi 2.4ghz\antenna patch wifi 2.4ghz\Result\P^s^pm.slog
Mesh:
C:\Users\corsa\Desktop\cst studio save\antenna patch wifi 2.4ghz\antenna patch wifi 2.4ghz\Result\dA.mat
C:\Users\corsa\Desktop\cst studio save\antenna patch wifi 2.4ghz\antenna patch wifi 2.4ghz\Result\dad.mat
C:\Users\corsa\Desktop\cst studio save\antenna patch wifi 2.4ghz\antenna patch wifi 2.4ghz\Result\ds.mat
C:\Users\corsa\Desktop\cst studio save\antenna patch wifi 2.4ghz\antenna patch wifi 2.4ghz\Result\dsd.mat
C:\Users\corsa\Desktop\cst studio save\antenna patch wifi 2.4ghz\antenna patch wifi 2.4ghz\Result\dsMCalc.mat
C:\Users\corsa\Desktop\cst studio save\antenna patch wifi 2.4ghz\antenna patch wifi 2.4ghz\Result\Eps.mat
C:\Users\corsa\Desktop\cst studio save\antenna patch wifi 2.4ghz\antenna patch wifi 2.4ghz\Result\HexMatrix.m2h
C:\Users\corsa\Desktop\cst studio save\antenna patch wifi 2.4ghz\antenna patch wifi 2.4ghz\Result\HexMatrix^f^d^1.m2h
C:\Users\corsa\Desktop\cst studio save\antenna patch wifi 2.4ghz\antenna patch wifi 2.4ghz\Result\HexMatrix^f^d^4.m2h
C:\Users\corsa\Desktop\cst studio save\antenna patch wifi 2.4ghz\antenna patch wifi 2.4ghz\Result\HexMatrix^f^n^1.m2h
C:\Users\corsa\Desktop\cst studio save\antenna patch wifi 2.4ghz\antenna patch wifi 2.4ghz\Result\HexMatrix_MCalc.m2h
C:\Users\corsa\Desktop\cst studio save\antenna patch wifi 2.4ghz\antenna patch wifi 2.4ghz\Result\Kappa.mat
C:\Users\corsa\Desktop\cst studio save\antenna patch wifi 2.4ghz\antenna patch wifi 2.4ghz\Result\MCalc.fmp
C:\Users\corsa\Desktop\cst studio save\antenna patch wifi 2.4ghz\antenna patch wifi 2.4ghz\Result\MCalc.xcfd
C:\Users\corsa\Desktop\cst studio save\antenna patch wifi 2.4ghz\antenna patch wifi 2.4ghz\Result\MCalcCCS_c.mson
C:\Users\corsa\Desktop\cst studio save\antenna patch wifi 2.4ghz\antenna patch wifi 2.4ghz\Result\Meta.m2h
C:\Users\corsa\Desktop\cst studio save\antenna patch wifi 2.4ghz\antenna patch wifi 2.4ghz\Result\Model-fmf.msqlite
C:\Users\corsa\Desktop\cst studio save\antenna patch wifi 2.4ghz\antenna patch wifi 2.4ghz\Result\Model.cct
C:\Users\corsa\Desktop\cst studio save\antenna patch wifi 2.4ghz\antenna patch wifi 2.4ghz\Result\Model.fmf
C:\Users\corsa\Desktop\cst studio save\antenna patch wifi 2.4ghz\antenna patch wifi 2.4ghz\Result\Model.fmm
C:\Users\corsa\Desktop\cst studio save\antenna patch wifi 2.4ghz\antenna patch wifi 2.4ghz\Result\Model.fpc
C:\Users\corsa\Desktop\cst studio save\antenna patch wifi 2.4ghz\antenna patch wifi 2.4ghz\Result\Model.fwf
C:\Users\corsa\Desktop\cst studio save\antenna patch wifi 2.4ghz\antenna patch wifi 2.4ghz\Result\Model.sic
C:\Users\corsa\Desktop\cst studio save\antenna patch wifi 2.4ghz\antenna patch wifi 2.4ghz\Result\Model.sid
C:\Users\corsa\Desktop\cst studio save\antenna patch wifi 2.4ghz\antenna patch wifi 2.4ghz\Result\Model.spi
C:\Users\corsa\Desktop\cst studio save\antenna patch wifi 2.4ghz\antenna patch wifi 2.4ghz\Result\Model.xcfd
C:\Users\corsa\Desktop\cst studio save\antenna patch wifi 2.4ghz\antenna patch wifi 2.4ghz\Result\Mue.mat
C:\Users\corsa\Desktop\cst studio save\antenna patch wifi 2.4ghz\antenna patch wifi 2.4ghz\Result\m^fqq.mem
C:\Users\corsa\Desktop\cst studio save\antenna patch wifi 2.4ghz\antenna patch wifi 2.4ghz\Result\p1.spi
C:\Users\corsa\Desktop\cst studio save\antenna patch wifi 2.4ghz\antenna patch wifi 2.4ghz\Result\PEC.mat
C:\Users\corsa\Desktop\cst studio save\antenna patch wifi 2.4ghz\antenna patch wifi 2.4ghz\Result\Port1.wgi
C:\Users\corsa\Desktop\cst studio save\antenna patch wifi 2.4ghz\antenna patch wifi 2.4ghz\Result\p^a.mem
C:\Users\corsa\Desktop\cst studio save\antenna patch wifi 2.4ghz\antenna patch wifi 2.4ghz\Result\p^m.mem
C:\Users\corsa\Desktop\cst studio save\antenna patch wifi 2.4ghz\antenna patch wifi 2.4ghz\Result\Rho.mat
C:\Users\corsa\Desktop\cst studio save\antenna patch wifi 2.4ghz\antenna patch wifi 2.4ghz\Result\S2HMatrix.m2h
C:\Users\corsa\Desktop\cst studio save\antenna patch wifi 2.4ghz\antenna patch wifi 2.4ghz\Result\Shapes.con
C:\Users\corsa\Desktop\cst studio save\antenna patch wifi 2.4ghz\antenna patch wifi 2.4ghz\Result\s^pm.mem
Port:
C:\Users\corsa\Desktop\cst studio save\antenna patch wifi 2.4ghz\antenna patch wifi 2.4ghz\Result\adapt_Port1_e1.prt
C:\Users\corsa\Desktop\cst studio save\antenna patch wifi 2.4ghz\antenna patch wifi 2.4ghz\Result\adapt_Port1_e1[2.6].prt
C:\Users\corsa\Desktop\cst studio save\antenna patch wifi 2.4ghz\antenna patch wifi 2.4ghz\Result\adapt_Port1_h1.prt
C:\Users\corsa\Desktop\cst studio save\antenna patch wifi 2.4ghz\antenna patch wifi 2.4ghz\Result\adapt_Port1_h1[2.6].prt
C:\Users\corsa\Desktop\cst studio save\antenna patch wifi 2.4ghz\antenna patch wifi 2.4ghz\Result\Model.pmi
C:\Users\corsa\Desktop\cst studio save\antenna patch wifi 2.4ghz\antenna patch wifi 2.4ghz\Result\Port1_1[2.6].m2d
C:\Users\corsa\Desktop\cst studio save\antenna patch wifi 2.4ghz\antenna patch wifi 2.4ghz\Result\Port1_drv.m2d
C:\Users\corsa\Desktop\cst studio save\antenna patch wifi 2.4ghz\antenna patch wifi 2.4ghz\Result\Port1_e1.prt
C:\Users\corsa\Desktop\cst studio save\antenna patch wifi 2.4ghz\antenna patch wifi 2.4ghz\Result\Port1_e1[2.6].prt
C:\Users\corsa\Desktop\cst studio save\antenna patch wifi 2.4ghz\antenna patch wifi 2.4ghz\Result\Port1_h1.prt
C:\Users\corsa\Desktop\cst studio save\antenna patch wifi 2.4ghz\antenna patch wifi 2.4ghz\Result\Port1_h1[2.6].prt
